D:\SOURCE2006\LIB\COMMON\LZMA.LIB
D:\source2006\utils\lzma\..\..\lib\common\lzma.lib
D:\SOURCE2006\UTILS\LZMA\RELEASE\ALLOC.OBJ
D:\source2006\utils\lzma\Release\cl.command.1.tlog
D:\source2006\utils\lzma\Release\CL.read.1.tlog
D:\source2006\utils\lzma\Release\CL.write.1.tlog
D:\SOURCE2006\UTILS\LZMA\RELEASE\CRC.OBJ
D:\source2006\utils\lzma\Release\lib.command.1.tlog
D:\source2006\utils\lzma\Release\Lib.read.1.tlog
D:\source2006\utils\lzma\Release\Lib.write.1.tlog
D:\source2006\utils\lzma\Release\Lib-link.read.1.tlog
D:\source2006\utils\lzma\Release\Lib-link.write.1.tlog
D:\SOURCE2006\UTILS\LZMA\RELEASE\LZINWINDOW.OBJ
D:\SOURCE2006\UTILS\LZMA\RELEASE\LZMA.OBJ
D:\source2006\utils\lzma\Release\lzma.write.1.tlog
D:\SOURCE2006\UTILS\LZMA\RELEASE\LZMADECODE.OBJ
D:\SOURCE2006\UTILS\LZMA\RELEASE\LZMADECODER.OBJ
D:\SOURCE2006\UTILS\LZMA\RELEASE\LZMAENCODER.OBJ
D:\SOURCE2006\UTILS\LZMA\RELEASE\LZOUTWINDOW.OBJ
D:\SOURCE2006\UTILS\LZMA\RELEASE\OUTBUFFER.OBJ
D:\SOURCE2006\UTILS\LZMA\RELEASE\RANGECODERBIT.OBJ
D:\SOURCE2006\UTILS\LZMA\RELEASE\STREAMUTILS.OBJ
