D:\SOURCE2006\LIB\PUBLIC\TIER1.LIB
D:\SOURCE2006\TIER1\RELEASE\BITBUF.OBJ
D:\SOURCE2006\TIER1\RELEASE\BYTESWAP.OBJ
D:\SOURCE2006\TIER1\RELEASE\CHARACTERSET.OBJ
D:\SOURCE2006\TIER1\RELEASE\CHECKSUM_CRC.OBJ
D:\SOURCE2006\TIER1\RELEASE\CHECKSUM_MD5.OBJ
D:\source2006\tier1\Release\cl.command.1.tlog
D:\source2006\tier1\Release\CL.read.1.tlog
D:\source2006\tier1\Release\CL.write.1.tlog
D:\SOURCE2006\TIER1\RELEASE\CONVAR.OBJ
D:\SOURCE2006\TIER1\RELEASE\DATAMANAGER.OBJ
D:\SOURCE2006\TIER1\RELEASE\DIFF.OBJ
D:\SOURCE2006\TIER1\RELEASE\GENERICHASH.OBJ
D:\SOURCE2006\TIER1\RELEASE\INTERFACE.OBJ
D:\SOURCE2006\TIER1\RELEASE\JOBTHREAD.OBJ
D:\SOURCE2006\TIER1\RELEASE\KEYVALUES.OBJ
D:\source2006\tier1\Release\lib.command.1.tlog
D:\source2006\tier1\Release\Lib.read.1.tlog
D:\source2006\tier1\Release\Lib.write.1.tlog
D:\source2006\tier1\Release\Lib-link.read.1.tlog
D:\source2006\tier1\Release\Lib-link.write.1.tlog
D:\SOURCE2006\TIER1\RELEASE\LZMADECODER.OBJ
D:\SOURCE2006\TIER1\RELEASE\MEMOVERRIDE.OBJ
D:\SOURCE2006\TIER1\RELEASE\MEMOVERRIDE-VC7.OBJ
D:\SOURCE2006\TIER1\RELEASE\MEMPOOL.OBJ
D:\SOURCE2006\TIER1\RELEASE\MEMSTACK.OBJ
D:\SOURCE2006\TIER1\RELEASE\NETADR.OBJ
D:\SOURCE2006\TIER1\RELEASE\PROCESSOR_DETECT.OBJ
D:\SOURCE2006\TIER1\RELEASE\RANGECHECKEDVAR.OBJ
D:\SOURCE2006\TIER1\RELEASE\STRINGPOOL.OBJ
D:\SOURCE2006\TIER1\RELEASE\STRTOOLS.OBJ
D:\SOURCE2006\TIER1\RELEASE\TIER1.OBJ
D:\source2006\tier1\Release\tier1.write.1.tlog
D:\SOURCE2006\TIER1\RELEASE\TOKENREADER.OBJ
D:\SOURCE2006\TIER1\RELEASE\UTLBUFFER.OBJ
D:\SOURCE2006\TIER1\RELEASE\UTLSTRING.OBJ
D:\SOURCE2006\TIER1\RELEASE\UTLSYMBOL.OBJ
D:\SOURCE2006\TIER1\RELEASE\XBOXSTUBS.OBJ
